Arguments: 
  /home/nick/.nvm/versions/node/v10.16.1/bin/node /home/nick/.nvm/versions/node/v10.16.1/bin/yarn add threejs

PATH: 
  /home/nick/.lando/bin:/home/nick/.cargo/bin:/home/nick/.rbenv/shims:/home/nick/.rbenv/bin:/home/nick/.config/composer/vendor/bin:/home/nick/.nvm/versions/node/v10.16.1/bin:/home/nick/.ishell/bin:/home/nick/.enstarter/bin:/home/nick/.cargo/bin:/home/nick/.local/bin:/usr/local/sbin:/usr/local/bin:/usr/sbin:/usr/bin:/sbin:/bin:/usr/games:/usr/local/games:/snap/bin:/home/nick/.linuxbrew/bin:~/.enstarter/bin:~/waves/rush/bin:/home/nick/experiments/rails-invader/bin:/home/nick/.local/bin:/home/nick/.linuxbrew/bin

Yarn version: 
  1.19.1

Node version: 
  10.16.1

Platform: 
  linux x64

Trace: 
  Error: https://registry.yarnpkg.com/threejs: Not found
      at Request.params.callback [as _callback] (/home/nick/.nvm/versions/node/v10.16.1/lib/node_modules/yarn/lib/cli.js:66926:18)
      at Request.self.callback (/home/nick/.nvm/versions/node/v10.16.1/lib/node_modules/yarn/lib/cli.js:140564:22)
      at Request.emit (events.js:198:13)
      at Request.<anonymous> (/home/nick/.nvm/versions/node/v10.16.1/lib/node_modules/yarn/lib/cli.js:141536:10)
      at Request.emit (events.js:198:13)
      at IncomingMessage.<anonymous> (/home/nick/.nvm/versions/node/v10.16.1/lib/node_modules/yarn/lib/cli.js:141458:12)
      at Object.onceWrapper (events.js:286:20)
      at IncomingMessage.emit (events.js:203:15)
      at endReadableNT (_stream_readable.js:1145:12)
      at process._tickCallback (internal/process/next_tick.js:63:19)

npm manifest: 
  No manifest

yarn manifest: 
  No manifest

Lockfile: 
  No lockfile
